<?xml version="1.0" encoding="UTF-8"?>
<testng-results ignored="0" total="1" passed="1" failed="0" skipped="0">
  <reporter-output>
  </reporter-output>
  <suite started-at="2021-10-12T02:24:10Z" name="Default suite" finished-at="2021-10-12T02:24:13Z" duration-ms="2840">
    <groups>
    </groups>
    <test started-at="2021-10-12T02:24:10Z" name="Default test" finished-at="2021-10-12T02:24:13Z" duration-ms="2840">
      <class name="postmanApi.SumValidation">
        <test-method signature="sumofCources()[pri:0, instance:postmanApi.SumValidation@385e9564]" started-at="2021-10-12T02:24:10Z" name="sumofCources" finished-at="2021-10-12T02:24:13Z" duration-ms="2774" status="PASS">
          <reporter-output>
          </reporter-output>
        </test-method> <!-- sumofCources -->
      </class> <!-- postmanApi.SumValidation -->
    </test> <!-- Default test -->
  </suite> <!-- Default suite -->
</testng-results>
